{"logTime": "0328/204339", "correlationVector":"O7t+XvjnHkGTbN0IWnS5TQ","action":"SyncServerConnectionManagerRequest", "result":"CONNECTION_UNAVAILABLE", "context":{"error_type":"net_error_code", "error_value":"-101"}}
{"logTime": "0328/204420", "correlationVector":"T1ixan/NxiPswge6S5W6an.1","action":"SyncServerConnectionManagerRequest", "result":"SYNC_SERVER_OK", "context":{"environment":"", "migrationStage":"", "server":""}}
{"logTime": "0328/204420", "correlationVector":"Ny2jZM89hSa83aQLrI6a89","action":"SyncServerConnectionManagerRequest", "result":"CONNECTION_UNAVAILABLE", "context":{"error_type":"net_error_code", "error_value":"-101"}}
{"logTime": "0328/204613", "correlationVector":"bIoWuVY45qk+OvG9EoUpox.1","action":"SyncServerConnectionManagerRequest", "result":"SYNC_SERVER_OK", "context":{"environment":"Prod_EastUS_000w", "migrationStage":"NotStarted", "server":"GENERAL0200003H"}}
{"logTime": "0328/204613", "correlationVector":"O7t+XvjnHkGTbN0IWnS5TQ","action":"Initial GetUpdates", "result":"", "context":Reason: NEW_CLIENT. cV=O7t+XvjnHkGTbN0IWnS5TQ}
{"logTime": "0328/204613", "correlationVector":"T1ixan/NxiPswge6S5W6an.0","action":"GetUpdates Response", "result":"NETWORK_ERROR_TRANSPORT (ERR_CONNECTION_RESET)", "context":Received error: NETWORK_ERROR_TRANSPORT (ERR_CONNECTION_RESET). }
{"logTime": "0328/204613", "correlationVector":"Ny2jZM89hSa83aQLrI6a89","action":"Initial GetUpdates", "result":"", "context":Reason: NEW_CLIENT. cV=Ny2jZM89hSa83aQLrI6a89}
{"logTime": "0328/204613", "correlationVector":"xXqNX4d/AXZ1zQ/kNIPiEZ.0","action":"GetUpdates Response", "result":"NETWORK_ERROR_TRANSPORT (ERR_CONNECTION_RESET)", "context":Received error: NETWORK_ERROR_TRANSPORT (ERR_CONNECTION_RESET). }
{"logTime": "0328/204613", "correlationVector":"bIoWuVY45qk+OvG9EoUpox","action":"Initial GetUpdates", "result":"", "context":Reason: NEW_CLIENT. cV=bIoWuVY45qk+OvG9EoUpox}
{"logTime": "0328/204613", "correlationVector":"bIoWuVY45qk+OvG9EoUpox.2","action":"GetUpdates Response", "result":"SYNCER_OK", "context":Received 1 update(s). cV=bIoWuVY45qk+OvG9EoUpox.0;server=GENERAL0200003H;cloudType=Consumer;environment=Prod_EastUS_000w;migrationStage=NotStarted}
{"logTime": "0328/204613", "correlationVector":"rSrySYi/XxGXL0gEsALrvR","action":"Initial GetUpdates", "result":"", "context":Reason: NEW_CLIENT. cV=rSrySYi/XxGXL0gEsALrvR}
{"logTime": "0328/204613", "correlationVector":"rSrySYi/XxGXL0gEsALrvR.1","action":"SyncServerConnectionManagerRequest", "result":"SYNC_SERVER_OK", "context":{"environment":"Prod_EastUS_000w", "migrationStage":"NotStarted", "server":"GENERAL1100001C"}}
{"logTime": "0328/204613", "correlationVector":"rSrySYi/XxGXL0gEsALrvR.2","action":"GetUpdates Response", "result":"SYNCER_OK", "context":Received 2 update(s). cV=rSrySYi/XxGXL0gEsALrvR.0;server=GENERAL1100001C;cloudType=Consumer;environment=Prod_EastUS_000w;migrationStage=NotStarted}
{"logTime": "0328/204613", "correlationVector":"8lkD0KhOTRGh+BYmXWjSck","action":"Normal GetUpdate request", "result":"", "context":cV=8lkD0KhOTRGh+BYmXWjSck
Nudged types: Device Info, User Consents
Refresh requested types: Device Info, User Consents, Send Tab To Self, Encryption Keys}
{"logTime": "0328/204614", "correlationVector":"8lkD0KhOTRGh+BYmXWjSck.1","action":"SyncServerConnectionManagerRequest", "result":"SYNC_SERVER_OK", "context":{"environment":"Prod_EastUS_000w", "migrationStage":"NotStarted", "server":"GENERAL11000020"}}
{"logTime": "0328/204614", "correlationVector":"8lkD0KhOTRGh+BYmXWjSck.2","action":"GetUpdates Response", "result":"SYNCER_OK", "context":Received 0 update(s). cV=8lkD0KhOTRGh+BYmXWjSck.0;server=GENERAL11000020;cloudType=Consumer;environment=Prod_EastUS_000w;migrationStage=NotStarted}
{"logTime": "0328/204614", "correlationVector":"t1wP9loHlI+CxaBsGL8z+P","action":"Commit Request", "result":"", "context":Item count: 2
Contributing types: Device Info, User Consents}
{"logTime": "0328/204614", "correlationVector":"t1wP9loHlI+CxaBsGL8z+P.1","action":"SyncServerConnectionManagerRequest", "result":"SYNC_SERVER_OK", "context":{"environment":"Prod_EastUS_000w", "migrationStage":"NotStarted", "server":"GENERAL0200001L"}}
{"logTime": "0328/204614", "correlationVector":"t1wP9loHlI+CxaBsGL8z+P.2","action":"Commit Response", "result":"SYNCER_OK", "context":Result: SYNCER_OK. cV=t1wP9loHlI+CxaBsGL8z+P.0;server=GENERAL0200001L;cloudType=Consumer;environment=Prod_EastUS_000w;migrationStage=NotStarted}
{"logTime": "0328/204614", "correlationVector":"8x9i8S4nhcohzbyyr/1HGp","action":"Normal GetUpdate request", "result":"", "context":cV=8x9i8S4nhcohzbyyr/1HGp
Nudged types: Device Info}
{"logTime": "0328/204614", "correlationVector":"8x9i8S4nhcohzbyyr/1HGp.1","action":"SyncServerConnectionManagerRequest", "result":"SYNC_SERVER_OK", "context":{"environment":"Prod_EastUS_000w", "migrationStage":"NotStarted", "server":"GENERAL11000015"}}
{"logTime": "0328/204614", "correlationVector":"8x9i8S4nhcohzbyyr/1HGp.2","action":"GetUpdates Response", "result":"SYNCER_OK", "context":Received 1 update(s). cV=8x9i8S4nhcohzbyyr/1HGp.0;server=GENERAL11000015;cloudType=Consumer;environment=Prod_EastUS_000w;migrationStage=NotStarted}
{"logTime": "0328/204835", "correlationVector":"2ZTD3HJYw+e+MPpHnvnZ92","action":"Normal GetUpdate request", "result":"", "context":cV=2ZTD3HJYw+e+MPpHnvnZ92
Refresh requested types: Device Info, User Consents, Send Tab To Self, Encryption Keys}
{"logTime": "0328/204835", "correlationVector":"2ZTD3HJYw+e+MPpHnvnZ92.1","action":"SyncServerConnectionManagerRequest", "result":"SYNC_SERVER_OK", "context":{"environment":"Prod_EastUS_000w", "migrationStage":"NotStarted", "server":"GENERAL1100002Z"}}
{"logTime": "0328/204835", "correlationVector":"2ZTD3HJYw+e+MPpHnvnZ92.2","action":"GetUpdates Response", "result":"SYNCER_OK", "context":Received 0 update(s). cV=2ZTD3HJYw+e+MPpHnvnZ92.0;server=GENERAL1100002Z;cloudType=Consumer;environment=Prod_EastUS_000w;migrationStage=NotStarted}
{"logTime": "0328/210716", "correlationVector":"4ctEWNg7e7c8a2BTzwtk2i","action":"SyncServerConnectionManagerRequest", "result":"CONNECTION_UNAVAILABLE", "context":{"error_type":"net_error_code", "error_value":"-101"}}
{"logTime": "0328/210819", "correlationVector":"pgnIWGJFMJfuPVVelyKXk5.1","action":"SyncServerConnectionManagerRequest", "result":"SYNC_SERVER_OK", "context":{"environment":"", "migrationStage":"", "server":""}}
{"logTime": "0328/210820", "correlationVector":"SBbGmCB6J7ssmdnn67fnLy.1","action":"SyncServerConnectionManagerRequest", "result":"SYNC_SERVER_OK", "context":{"environment":"Prod_EastUS_000w", "migrationStage":"NotStarted", "server":"GENERAL1100002I"}}
{"logTime": "0328/210820", "correlationVector":"4ctEWNg7e7c8a2BTzwtk2i","action":"Initial GetUpdates", "result":"", "context":Reason: NEW_CLIENT. cV=4ctEWNg7e7c8a2BTzwtk2i}
{"logTime": "0328/210820", "correlationVector":"pgnIWGJFMJfuPVVelyKXk5.0","action":"GetUpdates Response", "result":"NETWORK_ERROR_TRANSPORT (ERR_CONNECTION_RESET)", "context":Received error: NETWORK_ERROR_TRANSPORT (ERR_CONNECTION_RESET). }
{"logTime": "0328/210820", "correlationVector":"SBbGmCB6J7ssmdnn67fnLy","action":"Initial GetUpdates", "result":"", "context":Reason: NEW_CLIENT. cV=SBbGmCB6J7ssmdnn67fnLy}
{"logTime": "0328/210820", "correlationVector":"SBbGmCB6J7ssmdnn67fnLy.2","action":"GetUpdates Response", "result":"SYNCER_OK", "context":Received 1 update(s). cV=SBbGmCB6J7ssmdnn67fnLy.0;server=GENERAL1100002I;cloudType=Consumer;environment=Prod_EastUS_000w;migrationStage=NotStarted}
{"logTime": "0328/210820", "correlationVector":"M018K/OApEVRdas9LqcKV5","action":"Initial GetUpdates", "result":"", "context":Reason: NEWLY_SUPPORTED_DATATYPE. cV=M018K/OApEVRdas9LqcKV5}
{"logTime": "0328/210821", "correlationVector":"M018K/OApEVRdas9LqcKV5.1","action":"SyncServerConnectionManagerRequest", "result":"SYNC_SERVER_OK", "context":{"environment":"Prod_EastUS_000w", "migrationStage":"NotStarted", "server":"GENERAL1100000C"}}
{"logTime": "0328/210821", "correlationVector":"M018K/OApEVRdas9LqcKV5.2","action":"GetUpdates Response", "result":"SYNCER_OK", "context":Received 41 update(s). cV=M018K/OApEVRdas9LqcKV5.0;server=GENERAL1100000C;cloudType=Consumer;environment=Prod_EastUS_000w;migrationStage=NotStarted}
{"logTime": "0328/210821", "correlationVector":"TrcL3T8S28p8Q9rNvVKtNC","action":"Initial GetUpdates", "result":"", "context":Reason: NEWLY_SUPPORTED_DATATYPE. cV=TrcL3T8S28p8Q9rNvVKtNC}
{"logTime": "0328/210821", "correlationVector":"TrcL3T8S28p8Q9rNvVKtNC.1","action":"SyncServerConnectionManagerRequest", "result":"SYNC_SERVER_OK", "context":{"environment":"Prod_EastUS_000w", "migrationStage":"NotStarted", "server":"GENERAL0200003H"}}
{"logTime": "0328/210821", "correlationVector":"TrcL3T8S28p8Q9rNvVKtNC.2","action":"GetUpdates Response", "result":"SYNCER_OK", "context":Received 9 update(s). cV=TrcL3T8S28p8Q9rNvVKtNC.0;server=GENERAL0200003H;cloudType=Consumer;environment=Prod_EastUS_000w;migrationStage=NotStarted}
{"logTime": "0328/210821", "correlationVector":"kOrZOEPaoQ4l+oBaxUiAi8","action":"Initial GetUpdates", "result":"", "context":Reason: NEWLY_SUPPORTED_DATATYPE. cV=kOrZOEPaoQ4l+oBaxUiAi8}
{"logTime": "0328/210822", "correlationVector":"kOrZOEPaoQ4l+oBaxUiAi8.1","action":"SyncServerConnectionManagerRequest", "result":"SYNC_SERVER_OK", "context":{"environment":"Prod_EastUS_000w", "migrationStage":"NotStarted", "server":"GENERAL11000000"}}
{"logTime": "0328/210822", "correlationVector":"kOrZOEPaoQ4l+oBaxUiAi8.2","action":"GetUpdates", "result":"DeleteReceived", "context":{"id":"06a88c10-5564-4a26-9242-6e44b60cb37c", "isDeleted:":"true", "version":"1706904579403"}}
{"logTime": "0328/210822", "correlationVector":"kOrZOEPaoQ4l+oBaxUiAi8.3","action":"GetUpdates", "result":"DeleteReceived", "context":{"id":"da3925ef-f2c0-4154-865e-a0e3c4efbb1d", "isDeleted:":"true", "version":"1708372162241"}}
{"logTime": "0328/210822", "correlationVector":"kOrZOEPaoQ4l+oBaxUiAi8.4","action":"GetUpdates", "result":"DeleteReceived", "context":{"id":"34b02c77-bb37-4a67-8ff9-b8a7b976826a", "isDeleted:":"true", "version":"1708372162244"}}
{"logTime": "0328/210822", "correlationVector":"kOrZOEPaoQ4l+oBaxUiAi8.5","action":"GetUpdates", "result":"DeleteReceived", "context":{"id":"a554ce0a-e1b3-4356-9508-f1a7114fddce", "isDeleted:":"true", "version":"1708379174948"}}
{"logTime": "0328/210822", "correlationVector":"kOrZOEPaoQ4l+oBaxUiAi8.6","action":"GetUpdates", "result":"DeleteReceived", "context":{"id":"11e8255e-8cc3-4f0a-baf7-2efc9071fb37", "isDeleted:":"true", "version":"1710454812333"}}
{"logTime": "0328/210822", "correlationVector":"kOrZOEPaoQ4l+oBaxUiAi8.7","action":"GetUpdates Response", "result":"SYNCER_OK", "context":Received 35 update(s). cV=kOrZOEPaoQ4l+oBaxUiAi8.0;server=GENERAL11000000;cloudType=Consumer;environment=Prod_EastUS_000w;migrationStage=NotStarted}
{"logTime": "0328/210822", "correlationVector":"vbkTFznNQCjtXcX2odtxmn","action":"Normal GetUpdate request", "result":"", "context":cV=vbkTFznNQCjtXcX2odtxmn
Nudged types: Sessions, Device Info
Refresh requested types: Bookmarks, Preferences, Passwords, Autofill Profiles, Autofill, Typed URLs, Extensions, Sessions, Extension settings, History Delete Directives, Device Info, User Consents, Send Tab To Self, Web Apps, Collection, Edge E Drop, Edge Hub App Usage, Edge Wallet, Encryption Keys}
{"logTime": "0328/210822", "correlationVector":"vbkTFznNQCjtXcX2odtxmn.1","action":"SyncServerConnectionManagerRequest", "result":"SYNC_SERVER_OK", "context":{"environment":"Prod_EastUS_000w", "migrationStage":"NotStarted", "server":"GENERAL11000029"}}
{"logTime": "0328/210822", "correlationVector":"vbkTFznNQCjtXcX2odtxmn.2","action":"GetUpdates Response", "result":"SYNCER_OK", "context":Received 0 update(s). cV=vbkTFznNQCjtXcX2odtxmn.0;server=GENERAL11000029;cloudType=Consumer;environment=Prod_EastUS_000w;migrationStage=NotStarted}
{"logTime": "0328/210822", "correlationVector":"zM7PpR6GZiOn9eLJ3+ZrkY","action":"Commit Request", "result":"", "context":Item count: 3
Contributing types: Sessions, Device Info}
{"logTime": "0328/210822", "correlationVector":"zM7PpR6GZiOn9eLJ3+ZrkY.1","action":"SyncServerConnectionManagerRequest", "result":"SYNC_SERVER_OK", "context":{"environment":"Prod_EastUS_000w", "migrationStage":"NotStarted", "server":"GENERAL02000048"}}
{"logTime": "0328/210822", "correlationVector":"zM7PpR6GZiOn9eLJ3+ZrkY.2","action":"Commit Response", "result":"SYNCER_OK", "context":Result: SYNCER_OK. cV=zM7PpR6GZiOn9eLJ3+ZrkY.0;server=GENERAL02000048;cloudType=Consumer;environment=Prod_EastUS_000w;migrationStage=NotStarted}
{"logTime": "0328/210822", "correlationVector":"mFXm208z8FHnOLlTfsEK5O","action":"Normal GetUpdate request", "result":"", "context":cV=mFXm208z8FHnOLlTfsEK5O
Nudged types: Sessions, Device Info}
{"logTime": "0328/210823", "correlationVector":"mFXm208z8FHnOLlTfsEK5O.1","action":"SyncServerConnectionManagerRequest", "result":"SYNC_SERVER_OK", "context":{"environment":"Prod_EastUS_000w", "migrationStage":"NotStarted", "server":"GENERAL1100002Q"}}
{"logTime": "0328/210823", "correlationVector":"mFXm208z8FHnOLlTfsEK5O.2","action":"GetUpdates Response", "result":"SYNCER_OK", "context":Received 3 update(s). cV=mFXm208z8FHnOLlTfsEK5O.0;server=GENERAL1100002Q;cloudType=Consumer;environment=Prod_EastUS_000w;migrationStage=NotStarted}
{"logTime": "0328/211216", "correlationVector":"nZhmIayi/qNtOUNtMeIa9I","action":"SyncServerConnectionManagerRequest", "result":"CONNECTION_UNAVAILABLE", "context":{"error_type":"net_error_code", "error_value":"-101"}}
{"logTime": "0328/211250", "correlationVector":"FsWXzg7bVvTHi/q55CGwM8.1","action":"SyncServerConnectionManagerRequest", "result":"SYNC_SERVER_OK", "context":{"environment":"", "migrationStage":"", "server":""}}
{"logTime": "0328/211250", "correlationVector":"Y2FhkTT01R+oayMi8e9b1s.1","action":"SyncServerConnectionManagerRequest", "result":"SYNC_SERVER_OK", "context":{"environment":"Prod_EastUS_000w", "migrationStage":"NotStarted", "server":"GENERAL0200003H"}}
{"logTime": "0328/211250", "correlationVector":"nZhmIayi/qNtOUNtMeIa9I","action":"Initial GetUpdates", "result":"", "context":Reason: NEW_CLIENT. cV=nZhmIayi/qNtOUNtMeIa9I}
{"logTime": "0328/211250", "correlationVector":"FsWXzg7bVvTHi/q55CGwM8.0","action":"GetUpdates Response", "result":"NETWORK_ERROR_TRANSPORT (ERR_CONNECTION_RESET)", "context":Received error: NETWORK_ERROR_TRANSPORT (ERR_CONNECTION_RESET). }
{"logTime": "0328/211250", "correlationVector":"Y2FhkTT01R+oayMi8e9b1s","action":"Initial GetUpdates", "result":"", "context":Reason: NEW_CLIENT. cV=Y2FhkTT01R+oayMi8e9b1s}
{"logTime": "0328/211250", "correlationVector":"Y2FhkTT01R+oayMi8e9b1s.2","action":"GetUpdates Response", "result":"SYNCER_OK", "context":Received 1 update(s). cV=Y2FhkTT01R+oayMi8e9b1s.0;server=GENERAL0200003H;cloudType=Consumer;environment=Prod_EastUS_000w;migrationStage=NotStarted}
{"logTime": "0328/211250", "correlationVector":"9yqPuNPzErgWy1ZV6OKTCG","action":"Normal GetUpdate request", "result":"", "context":cV=9yqPuNPzErgWy1ZV6OKTCG
Nudged types: Preferences, Sessions
Refresh requested types: Bookmarks, Preferences, Passwords, Autofill Profiles, Autofill, Typed URLs, Extensions, Sessions, Extension settings, History Delete Directives, Device Info, User Consents, Send Tab To Self, Web Apps, Collection, Edge E Drop, Edge Hub App Usage, Edge Wallet, Encryption Keys}
{"logTime": "0328/211250", "correlationVector":"9yqPuNPzErgWy1ZV6OKTCG.1","action":"SyncServerConnectionManagerRequest", "result":"SYNC_SERVER_OK", "context":{"environment":"Prod_EastUS_000w", "migrationStage":"NotStarted", "server":"GENERAL0100000B"}}
{"logTime": "0328/211250", "correlationVector":"9yqPuNPzErgWy1ZV6OKTCG.2","action":"GetUpdates Response", "result":"SYNCER_OK", "context":Received 0 update(s). cV=9yqPuNPzErgWy1ZV6OKTCG.0;server=GENERAL0100000B;cloudType=Consumer;environment=Prod_EastUS_000w;migrationStage=NotStarted}
{"logTime": "0328/211250", "correlationVector":"gvi9WeJy57vJA6Hr1Yipip","action":"Commit Request", "result":"", "context":Item count: 5
Contributing types: Preferences, Sessions}
{"logTime": "0328/211251", "correlationVector":"gvi9WeJy57vJA6Hr1Yipip.1","action":"SyncServerConnectionManagerRequest", "result":"SYNC_SERVER_OK", "context":{"environment":"Prod_EastUS_000w", "migrationStage":"NotStarted", "server":"GENERAL11000031"}}
{"logTime": "0328/211251", "correlationVector":"gvi9WeJy57vJA6Hr1Yipip.3","action":"Commit.Sessions", "result":"Success", "context":{"id":"900a2773-463c-459f-980e-c8d06c62bc07", "isDeleted":"true", "size":"0", "version":"1711660104309"}}
{"logTime": "0328/211251", "correlationVector":"gvi9WeJy57vJA6Hr1Yipip.2","action":"Commit Response", "result":"SYNCER_OK", "context":Result: SYNCER_OK. cV=gvi9WeJy57vJA6Hr1Yipip.0;server=GENERAL11000031;cloudType=Consumer;environment=Prod_EastUS_000w;migrationStage=NotStarted}
{"logTime": "0328/211253", "correlationVector":"32g/ugXGe3mluaYFjMbLAY","action":"Normal GetUpdate request", "result":"", "context":cV=32g/ugXGe3mluaYFjMbLAY
Nudged types: Preferences, Sessions}
{"logTime": "0328/211253", "correlationVector":"32g/ugXGe3mluaYFjMbLAY.1","action":"SyncServerConnectionManagerRequest", "result":"SYNC_SERVER_OK", "context":{"environment":"Prod_EastUS_000w", "migrationStage":"NotStarted", "server":"GENERAL1100001W"}}
{"logTime": "0328/211253", "correlationVector":"32g/ugXGe3mluaYFjMbLAY.2","action":"GetUpdates", "result":"DeleteReceived", "context":{"id":"900a2773-463c-459f-980e-c8d06c62bc07", "isDeleted:":"true", "version":"1711660372922"}}
{"logTime": "0328/211253", "correlationVector":"32g/ugXGe3mluaYFjMbLAY.3","action":"GetUpdates Response", "result":"SYNCER_OK", "context":Received 5 update(s). cV=32g/ugXGe3mluaYFjMbLAY.0;server=GENERAL1100001W;cloudType=Consumer;environment=Prod_EastUS_000w;migrationStage=NotStarted}
{"logTime": "0328/211345", "correlationVector":"zpAMqm9qwS4x9k2eScWhSN","action":"Commit Request", "result":"", "context":Item count: 4
Contributing types: Preferences, Passwords}
{"logTime": "0328/211346", "correlationVector":"zpAMqm9qwS4x9k2eScWhSN.1","action":"SyncServerConnectionManagerRequest", "result":"SYNC_SERVER_OK", "context":{"environment":"Prod_EastUS_000w", "migrationStage":"NotStarted", "server":"GENERAL1100002W"}}
{"logTime": "0328/211346", "correlationVector":"zpAMqm9qwS4x9k2eScWhSN.2","action":"Commit Response", "result":"SYNCER_OK", "context":Result: SYNCER_OK. cV=zpAMqm9qwS4x9k2eScWhSN.0;server=GENERAL1100002W;cloudType=Consumer;environment=Prod_EastUS_000w;migrationStage=NotStarted}
{"logTime": "0328/211711", "correlationVector":"NlMCu34tLWEL4X6vbFosLP","action":"SyncServerConnectionManagerRequest", "result":"CONNECTION_UNAVAILABLE", "context":{"error_type":"net_error_code", "error_value":"-101"}}
{"logTime": "0328/211746", "correlationVector":"WvtKaaz2nnlf3SHyknJ4vC.1","action":"SyncServerConnectionManagerRequest", "result":"SYNC_SERVER_OK", "context":{"environment":"", "migrationStage":"", "server":""}}
{"logTime": "0328/211746", "correlationVector":"hMlCYmVMnWtddu79SzBQ3o","action":"SyncServerConnectionManagerRequest", "result":"CONNECTION_UNAVAILABLE", "context":{"error_type":"net_error_code", "error_value":"-101"}}
{"logTime": "0328/211939", "correlationVector":"oFpa77qmymfYbwAzThnIkt","action":"SyncServerConnectionManagerRequest", "result":"CONNECTION_UNAVAILABLE", "context":{"error_type":"net_error_code", "error_value":"-101"}}
{"logTime": "0328/212228", "correlationVector":"XrIF+ld2swwrtNrJeGWAc6","action":"SyncServerConnectionManagerRequest", "result":"CONNECTION_UNAVAILABLE", "context":{"error_type":"net_error_code", "error_value":"-101"}}
{"logTime": "0328/212349", "correlationVector":"hfBOwNjySGsZadh5b7s3Rr.1","action":"SyncServerConnectionManagerRequest", "result":"SYNC_SERVER_OK", "context":{"environment":"Prod_EastUS_000w", "migrationStage":"NotStarted", "server":"GENERAL1100002F"}}
{"logTime": "0328/212349", "correlationVector":"oFpa77qmymfYbwAzThnIkt","action":"Initial GetUpdates", "result":"", "context":Reason: NEW_CLIENT. cV=oFpa77qmymfYbwAzThnIkt}
{"logTime": "0328/212349", "correlationVector":"4yBypMTzcRsHedWGhau5JK.0","action":"GetUpdates Response", "result":"NETWORK_ERROR_TRANSPORT (ERR_CONNECTION_RESET)", "context":Received error: NETWORK_ERROR_TRANSPORT (ERR_CONNECTION_RESET). }
{"logTime": "0328/212349", "correlationVector":"XrIF+ld2swwrtNrJeGWAc6","action":"Initial GetUpdates", "result":"", "context":Reason: NEW_CLIENT. cV=XrIF+ld2swwrtNrJeGWAc6}
{"logTime": "0328/212349", "correlationVector":"m3xEEKaP5WIivw3BpB76eu.0","action":"GetUpdates Response", "result":"NETWORK_ERROR_TRANSPORT (ERR_CONNECTION_RESET)", "context":Received error: NETWORK_ERROR_TRANSPORT (ERR_CONNECTION_RESET). }
{"logTime": "0328/212349", "correlationVector":"hfBOwNjySGsZadh5b7s3Rr","action":"Initial GetUpdates", "result":"", "context":Reason: NEW_CLIENT. cV=hfBOwNjySGsZadh5b7s3Rr}
{"logTime": "0328/212349", "correlationVector":"hfBOwNjySGsZadh5b7s3Rr.2","action":"GetUpdates Response", "result":"SYNCER_OK", "context":Received 1 update(s). cV=hfBOwNjySGsZadh5b7s3Rr.0;server=GENERAL1100002F;cloudType=Consumer;environment=Prod_EastUS_000w;migrationStage=NotStarted}
{"logTime": "0328/212349", "correlationVector":"a7Ksc701Vrlx4fKQVM/Ght","action":"Initial GetUpdates", "result":"", "context":Reason: NEWLY_SUPPORTED_DATATYPE. cV=a7Ksc701Vrlx4fKQVM/Ght}
{"logTime": "0328/212350", "correlationVector":"a7Ksc701Vrlx4fKQVM/Ght.1","action":"SyncServerConnectionManagerRequest", "result":"SYNC_SERVER_OK", "context":{"environment":"Prod_EastUS_000w", "migrationStage":"NotStarted", "server":"GENERAL1100000I"}}
{"logTime": "0328/212350", "correlationVector":"a7Ksc701Vrlx4fKQVM/Ght.2","action":"GetUpdates Response", "result":"SYNCER_OK", "context":Received 1 update(s). cV=a7Ksc701Vrlx4fKQVM/Ght.0;server=GENERAL1100000I;cloudType=Consumer;environment=Prod_EastUS_000w;migrationStage=NotStarted}
{"logTime": "0328/212350", "correlationVector":"E0SUGAhIIw3iK1/2UlANeM","action":"Normal GetUpdate request", "result":"", "context":cV=E0SUGAhIIw3iK1/2UlANeM
Nudged types: Preferences, Sessions
Refresh requested types: Bookmarks, Preferences, Passwords, Autofill Profiles, Autofill, Typed URLs, Extensions, Sessions, Extension settings, History Delete Directives, Device Info, User Consents, Send Tab To Self, Web Apps, Collection, Edge E Drop, Edge Hub App Usage, Edge Wallet, Encryption Keys}
{"logTime": "0328/212350", "correlationVector":"E0SUGAhIIw3iK1/2UlANeM.1","action":"SyncServerConnectionManagerRequest", "result":"SYNC_SERVER_OK", "context":{"environment":"Prod_EastUS_000w", "migrationStage":"NotStarted", "server":"GENERAL02000003"}}
{"logTime": "0328/212350", "correlationVector":"E0SUGAhIIw3iK1/2UlANeM.2","action":"GetUpdates Response", "result":"SYNCER_OK", "context":Received 3 update(s). cV=E0SUGAhIIw3iK1/2UlANeM.0;server=GENERAL02000003;cloudType=Consumer;environment=Prod_EastUS_000w;migrationStage=NotStarted}
{"logTime": "0328/212350", "correlationVector":"nytQvuhkTd05TlKFboCI/n","action":"Commit Request", "result":"", "context":Item count: 6
Contributing types: Preferences, Sessions}
{"logTime": "0328/212351", "correlationVector":"nytQvuhkTd05TlKFboCI/n.1","action":"SyncServerConnectionManagerRequest", "result":"SYNC_SERVER_OK", "context":{"environment":"Prod_EastUS_000w", "migrationStage":"NotStarted", "server":"GENERAL1100000I"}}
{"logTime": "0328/212351", "correlationVector":"nytQvuhkTd05TlKFboCI/n.2","action":"Commit Response", "result":"SYNCER_OK", "context":Result: SYNCER_OK. cV=nytQvuhkTd05TlKFboCI/n.0;server=GENERAL1100000I;cloudType=Consumer;environment=Prod_EastUS_000w;migrationStage=NotStarted}
{"logTime": "0328/212351", "correlationVector":"nytQvuhkTd05TlKFboCI/n.3","action":"Commit.Sessions", "result":"Success", "context":{"id":"a4a7d839-5a60-4732-bb05-427187b5f161", "isDeleted":"true", "size":"0", "version":"1711660372924"}}
{"logTime": "0328/212353", "correlationVector":"c96qVF+cNkn+dA3YymRDIg","action":"Normal GetUpdate request", "result":"", "context":cV=c96qVF+cNkn+dA3YymRDIg
Nudged types: Preferences, Sessions}
{"logTime": "0328/212353", "correlationVector":"c96qVF+cNkn+dA3YymRDIg.1","action":"SyncServerConnectionManagerRequest", "result":"SYNC_SERVER_OK", "context":{"environment":"Prod_EastUS_000w", "migrationStage":"NotStarted", "server":"GENERAL01000001"}}
{"logTime": "0328/212353", "correlationVector":"c96qVF+cNkn+dA3YymRDIg.2","action":"GetUpdates", "result":"DeleteReceived", "context":{"id":"a4a7d839-5a60-4732-bb05-427187b5f161", "isDeleted:":"true", "version":"1711661032703"}}
{"logTime": "0328/212353", "correlationVector":"c96qVF+cNkn+dA3YymRDIg.3","action":"GetUpdates Response", "result":"SYNCER_OK", "context":Received 6 update(s). cV=c96qVF+cNkn+dA3YymRDIg.0;server=GENERAL01000001;cloudType=Consumer;environment=Prod_EastUS_000w;migrationStage=NotStarted}
{"logTime": "0328/212638", "correlationVector":"0+oid7hU0iG1XTHZFqTtkE.1","action":"SyncServerConnectionManagerRequest", "result":"SYNC_SERVER_OK", "context":{"environment":"Prod_EastUS_000w", "migrationStage":"NotStarted", "server":"GENERAL1100003G"}}
{"logTime": "0328/212638", "correlationVector":"0+oid7hU0iG1XTHZFqTtkE","action":"Initial GetUpdates", "result":"", "context":Reason: NEW_CLIENT. cV=0+oid7hU0iG1XTHZFqTtkE}
{"logTime": "0328/212638", "correlationVector":"0+oid7hU0iG1XTHZFqTtkE.2","action":"GetUpdates Response", "result":"SYNCER_OK", "context":Received 1 update(s). cV=0+oid7hU0iG1XTHZFqTtkE.0;server=GENERAL1100003G;cloudType=Consumer;environment=Prod_EastUS_000w;migrationStage=NotStarted}
{"logTime": "0328/212638", "correlationVector":"KV/+FyJ5kv+6kajq3o4BGh","action":"Initial GetUpdates", "result":"", "context":Reason: NEWLY_SUPPORTED_DATATYPE. cV=KV/+FyJ5kv+6kajq3o4BGh}
{"logTime": "0328/212638", "correlationVector":"KV/+FyJ5kv+6kajq3o4BGh.1","action":"SyncServerConnectionManagerRequest", "result":"SYNC_SERVER_OK", "context":{"environment":"Prod_EastUS_000w", "migrationStage":"NotStarted", "server":"GENERAL1100002Q"}}
{"logTime": "0328/212638", "correlationVector":"KV/+FyJ5kv+6kajq3o4BGh.2","action":"GetUpdates Response", "result":"SYNCER_OK", "context":Received 1 update(s). cV=KV/+FyJ5kv+6kajq3o4BGh.0;server=GENERAL1100002Q;cloudType=Consumer;environment=Prod_EastUS_000w;migrationStage=NotStarted}
{"logTime": "0328/212638", "correlationVector":"aezhl0tlgXW2SRPn/8Tr7q","action":"Normal GetUpdate request", "result":"", "context":cV=aezhl0tlgXW2SRPn/8Tr7q
Nudged types: Sessions
Refresh requested types: Bookmarks, Preferences, Passwords, Autofill Profiles, Autofill, Typed URLs, Extensions, Sessions, Extension settings, History Delete Directives, Device Info, User Consents, Send Tab To Self, Web Apps, Collection, Edge E Drop, Edge Hub App Usage, Edge Wallet, Encryption Keys}
{"logTime": "0328/212638", "correlationVector":"aezhl0tlgXW2SRPn/8Tr7q.1","action":"SyncServerConnectionManagerRequest", "result":"SYNC_SERVER_OK", "context":{"environment":"Prod_EastUS_000w", "migrationStage":"NotStarted", "server":"GENERAL1100000V"}}
{"logTime": "0328/212638", "correlationVector":"aezhl0tlgXW2SRPn/8Tr7q.2","action":"GetUpdates Response", "result":"SYNCER_OK", "context":Received 0 update(s). cV=aezhl0tlgXW2SRPn/8Tr7q.0;server=GENERAL1100000V;cloudType=Consumer;environment=Prod_EastUS_000w;migrationStage=NotStarted}
{"logTime": "0328/212638", "correlationVector":"foZDMfzsAURKgUP1hgjXG3","action":"Commit Request", "result":"", "context":Item count: 3
Contributing types: Sessions}
{"logTime": "0328/212638", "correlationVector":"foZDMfzsAURKgUP1hgjXG3.1","action":"SyncServerConnectionManagerRequest", "result":"SYNC_SERVER_OK", "context":{"environment":"Prod_EastUS_000w", "migrationStage":"NotStarted", "server":"GENERAL11000031"}}
{"logTime": "0328/212638", "correlationVector":"foZDMfzsAURKgUP1hgjXG3.3","action":"Commit.Sessions", "result":"Success", "context":{"id":"0c9e2e17-a084-4b29-aa9d-2bf75cb4b2bf", "isDeleted":"true", "size":"0", "version":"1711661032701"}}
{"logTime": "0328/212638", "correlationVector":"foZDMfzsAURKgUP1hgjXG3.2","action":"Commit Response", "result":"SYNCER_OK", "context":Result: SYNCER_OK. cV=foZDMfzsAURKgUP1hgjXG3.0;server=GENERAL11000031;cloudType=Consumer;environment=Prod_EastUS_000w;migrationStage=NotStarted}
{"logTime": "0328/212641", "correlationVector":"KAHdBPwTsbQxgOHZ5o6PF1","action":"SyncServerConnectionManagerRequest", "result":"SYNC_SERVER_OK", "context":{"environment":"", "migrationStage":"", "server":""}}
{"logTime": "0328/212641", "correlationVector":"ypUe65LsS0/EBSPRpV6/qp","action":"Normal GetUpdate request", "result":"", "context":cV=ypUe65LsS0/EBSPRpV6/qp
Nudged types: Preferences, Sessions}
{"logTime": "0328/212641", "correlationVector":"ypUe65LsS0/EBSPRpV6/qp.1","action":"SyncServerConnectionManagerRequest", "result":"SYNC_SERVER_OK", "context":{"environment":"Prod_EastUS_000w", "migrationStage":"NotStarted", "server":"GENERAL1100003I"}}
{"logTime": "0328/212641", "correlationVector":"ypUe65LsS0/EBSPRpV6/qp.2","action":"GetUpdates", "result":"DeleteReceived", "context":{"id":"0c9e2e17-a084-4b29-aa9d-2bf75cb4b2bf", "isDeleted:":"true", "version":"1711661189223"}}
{"logTime": "0328/212641", "correlationVector":"ypUe65LsS0/EBSPRpV6/qp.3","action":"GetUpdates Response", "result":"SYNCER_OK", "context":Received 3 update(s). cV=ypUe65LsS0/EBSPRpV6/qp.0;server=GENERAL1100003I;cloudType=Consumer;environment=Prod_EastUS_000w;migrationStage=NotStarted}
{"logTime": "0328/212641", "correlationVector":"s0wMX9NgiKVpChvQcxUfhr","action":"Commit Request", "result":"", "context":Item count: 2
Contributing types: Preferences, Sessions}
{"logTime": "0328/212641", "correlationVector":"s0wMX9NgiKVpChvQcxUfhr.1","action":"SyncServerConnectionManagerRequest", "result":"SYNC_SERVER_OK", "context":{"environment":"Prod_EastUS_000w", "migrationStage":"NotStarted", "server":"GENERAL1100000A"}}
{"logTime": "0328/212641", "correlationVector":"s0wMX9NgiKVpChvQcxUfhr.2","action":"Commit Response", "result":"SYNCER_OK", "context":Result: SYNCER_OK. cV=s0wMX9NgiKVpChvQcxUfhr.0;server=GENERAL1100000A;cloudType=Consumer;environment=Prod_EastUS_000w;migrationStage=NotStarted}
{"logTime": "0328/212641", "correlationVector":"+1MrAaCYJiqV0YugxVXIES","action":"Normal GetUpdate request", "result":"", "context":cV=+1MrAaCYJiqV0YugxVXIES
Nudged types: Preferences, Sessions
Refresh requested types: Bookmarks, Preferences, Passwords, Autofill Profiles, Autofill, Typed URLs, Extensions, Sessions, Extension settings, History Delete Directives, Device Info, User Consents, Send Tab To Self, Web Apps, Collection, Edge E Drop, Edge Hub App Usage, Edge Wallet, Encryption Keys}
{"logTime": "0328/212641", "correlationVector":"+1MrAaCYJiqV0YugxVXIES.1","action":"SyncServerConnectionManagerRequest", "result":"SYNC_SERVER_OK", "context":{"environment":"Prod_EastUS_000w", "migrationStage":"NotStarted", "server":"GENERAL0100001D"}}
{"logTime": "0328/212641", "correlationVector":"+1MrAaCYJiqV0YugxVXIES.2","action":"GetUpdates Response", "result":"SYNCER_OK", "context":Received 2 update(s). cV=+1MrAaCYJiqV0YugxVXIES.0;server=GENERAL0100001D;cloudType=Consumer;environment=Prod_EastUS_000w;migrationStage=NotStarted}
{"logTime": "0328/212657", "correlationVector":"50QNAY7MnwyLJVsi6Efyj4","action":"Commit Request", "result":"", "context":Item count: 1
Contributing types: Preferences}
{"logTime": "0328/212657", "correlationVector":"50QNAY7MnwyLJVsi6Efyj4.1","action":"SyncServerConnectionManagerRequest", "result":"SYNC_SERVER_OK", "context":{"environment":"Prod_EastUS_000w", "migrationStage":"NotStarted", "server":"GENERAL0200002E"}}
{"logTime": "0328/212657", "correlationVector":"50QNAY7MnwyLJVsi6Efyj4.2","action":"Commit Response", "result":"SYNCER_OK", "context":Result: SYNCER_OK. cV=50QNAY7MnwyLJVsi6Efyj4.0;server=GENERAL0200002E;cloudType=Consumer;environment=Prod_EastUS_000w;migrationStage=NotStarted}
{"logTime": "0328/213023", "correlationVector":"Rpd40HH2NAfI1kvdAr8+44.1","action":"SyncServerConnectionManagerRequest", "result":"SYNC_SERVER_OK", "context":{"environment":"Prod_EastUS_000w", "migrationStage":"NotStarted", "server":"GENERAL0200003H"}}
{"logTime": "0328/213023", "correlationVector":"Rpd40HH2NAfI1kvdAr8+44","action":"Initial GetUpdates", "result":"", "context":Reason: NEW_CLIENT. cV=Rpd40HH2NAfI1kvdAr8+44}
{"logTime": "0328/213023", "correlationVector":"Rpd40HH2NAfI1kvdAr8+44.2","action":"GetUpdates Response", "result":"SYNCER_OK", "context":Received 1 update(s). cV=Rpd40HH2NAfI1kvdAr8+44.0;server=GENERAL0200003H;cloudType=Consumer;environment=Prod_EastUS_000w;migrationStage=NotStarted}
{"logTime": "0328/213023", "correlationVector":"PgykNlScDiEDaLE5iLZwV5","action":"Initial GetUpdates", "result":"", "context":Reason: NEWLY_SUPPORTED_DATATYPE. cV=PgykNlScDiEDaLE5iLZwV5}
{"logTime": "0328/213023", "correlationVector":"PgykNlScDiEDaLE5iLZwV5.1","action":"SyncServerConnectionManagerRequest", "result":"SYNC_SERVER_OK", "context":{"environment":"Prod_EastUS_000w", "migrationStage":"NotStarted", "server":"GENERAL1100001B"}}
{"logTime": "0328/213023", "correlationVector":"PgykNlScDiEDaLE5iLZwV5.2","action":"GetUpdates Response", "result":"SYNCER_OK", "context":Received 1 update(s). cV=PgykNlScDiEDaLE5iLZwV5.0;server=GENERAL1100001B;cloudType=Consumer;environment=Prod_EastUS_000w;migrationStage=NotStarted}
{"logTime": "0328/213023", "correlationVector":"ptH7YW+Jx7m8gAwVnWHykq","action":"Normal GetUpdate request", "result":"", "context":cV=ptH7YW+Jx7m8gAwVnWHykq
Nudged types: Sessions
Refresh requested types: Bookmarks, Preferences, Passwords, Autofill Profiles, Autofill, Typed URLs, Extensions, Sessions, Extension settings, History Delete Directives, Device Info, User Consents, Send Tab To Self, Web Apps, Collection, Edge E Drop, Edge Hub App Usage, Edge Wallet, Encryption Keys}
{"logTime": "0328/213023", "correlationVector":"ptH7YW+Jx7m8gAwVnWHykq.1","action":"SyncServerConnectionManagerRequest", "result":"SYNC_SERVER_OK", "context":{"environment":"Prod_EastUS_000w", "migrationStage":"NotStarted", "server":"GENERAL1100000K"}}
{"logTime": "0328/213023", "correlationVector":"ptH7YW+Jx7m8gAwVnWHykq.2","action":"GetUpdates Response", "result":"SYNCER_OK", "context":Received 1 update(s). cV=ptH7YW+Jx7m8gAwVnWHykq.0;server=GENERAL1100000K;cloudType=Consumer;environment=Prod_EastUS_000w;migrationStage=NotStarted}
{"logTime": "0328/213024", "correlationVector":"fl+fK9d2RADULjq8Zvoh75","action":"Commit Request", "result":"", "context":Item count: 3
Contributing types: Sessions}
{"logTime": "0328/213024", "correlationVector":"fl+fK9d2RADULjq8Zvoh75.1","action":"SyncServerConnectionManagerRequest", "result":"SYNC_SERVER_OK", "context":{"environment":"Prod_EastUS_000w", "migrationStage":"NotStarted", "server":"GENERAL0200000E"}}
{"logTime": "0328/213024", "correlationVector":"fl+fK9d2RADULjq8Zvoh75.3","action":"Commit.Sessions", "result":"Success", "context":{"id":"addc3c45-cd19-48df-af07-d51f46c1185b", "isDeleted":"true", "size":"0", "version":"1711661203383"}}
{"logTime": "0328/213024", "correlationVector":"fl+fK9d2RADULjq8Zvoh75.2","action":"Commit Response", "result":"SYNCER_OK", "context":Result: SYNCER_OK. cV=fl+fK9d2RADULjq8Zvoh75.0;server=GENERAL0200000E;cloudType=Consumer;environment=Prod_EastUS_000w;migrationStage=NotStarted}
{"logTime": "0328/213026", "correlationVector":"QGjeTlZ8NLdt1hkh5wCBJm","action":"SyncServerConnectionManagerRequest", "result":"SYNC_SERVER_OK", "context":{"environment":"", "migrationStage":"", "server":""}}
{"logTime": "0328/213026", "correlationVector":"OK1G5CKeAfVJZZgqvxBSQb","action":"Normal GetUpdate request", "result":"", "context":cV=OK1G5CKeAfVJZZgqvxBSQb
Nudged types: Preferences, Sessions}
{"logTime": "0328/213026", "correlationVector":"OK1G5CKeAfVJZZgqvxBSQb.1","action":"SyncServerConnectionManagerRequest", "result":"SYNC_SERVER_OK", "context":{"environment":"Prod_EastUS_000w", "migrationStage":"NotStarted", "server":"GENERAL11000029"}}
{"logTime": "0328/213026", "correlationVector":"OK1G5CKeAfVJZZgqvxBSQb.2","action":"GetUpdates", "result":"DeleteReceived", "context":{"id":"addc3c45-cd19-48df-af07-d51f46c1185b", "isDeleted:":"true", "version":"1711661416746"}}
{"logTime": "0328/213026", "correlationVector":"OK1G5CKeAfVJZZgqvxBSQb.3","action":"GetUpdates Response", "result":"SYNCER_OK", "context":Received 3 update(s). cV=OK1G5CKeAfVJZZgqvxBSQb.0;server=GENERAL11000029;cloudType=Consumer;environment=Prod_EastUS_000w;migrationStage=NotStarted}
{"logTime": "0328/213026", "correlationVector":"reLZzw3zPnSUs+GdNwvQEt","action":"Commit Request", "result":"", "context":Item count: 2
Contributing types: Preferences, Sessions}
{"logTime": "0328/213027", "correlationVector":"reLZzw3zPnSUs+GdNwvQEt.1","action":"SyncServerConnectionManagerRequest", "result":"SYNC_SERVER_OK", "context":{"environment":"Prod_EastUS_000w", "migrationStage":"NotStarted", "server":"GENERAL0200001L"}}
{"logTime": "0328/213027", "correlationVector":"reLZzw3zPnSUs+GdNwvQEt.2","action":"Commit Response", "result":"SYNCER_OK", "context":Result: SYNCER_OK. cV=reLZzw3zPnSUs+GdNwvQEt.0;server=GENERAL0200001L;cloudType=Consumer;environment=Prod_EastUS_000w;migrationStage=NotStarted}
{"logTime": "0328/213027", "correlationVector":"/ctxEyk66P4zPLYthXBIPp","action":"Normal GetUpdate request", "result":"", "context":cV=/ctxEyk66P4zPLYthXBIPp
Nudged types: Preferences, Sessions
Refresh requested types: Bookmarks, Preferences, Passwords, Autofill Profiles, Autofill, Typed URLs, Extensions, Sessions, Extension settings, History Delete Directives, Device Info, User Consents, Send Tab To Self, Web Apps, Collection, Edge E Drop, Edge Hub App Usage, Edge Wallet, Encryption Keys}
{"logTime": "0328/213027", "correlationVector":"/ctxEyk66P4zPLYthXBIPp.1","action":"SyncServerConnectionManagerRequest", "result":"SYNC_SERVER_OK", "context":{"environment":"Prod_EastUS_000w", "migrationStage":"NotStarted", "server":"GENERAL0100000I"}}
{"logTime": "0328/213027", "correlationVector":"/ctxEyk66P4zPLYthXBIPp.2","action":"GetUpdates Response", "result":"SYNCER_OK", "context":Received 2 update(s). cV=/ctxEyk66P4zPLYthXBIPp.0;server=GENERAL0100000I;cloudType=Consumer;environment=Prod_EastUS_000w;migrationStage=NotStarted}
{"logTime": "0328/213044", "correlationVector":"Bd98IV0oNfF+oGlGM5z+qW","action":"Commit Request", "result":"", "context":Item count: 1
Contributing types: Preferences}
{"logTime": "0328/213045", "correlationVector":"Bd98IV0oNfF+oGlGM5z+qW.1","action":"SyncServerConnectionManagerRequest", "result":"SYNC_SERVER_OK", "context":{"environment":"Prod_EastUS_000w", "migrationStage":"NotStarted", "server":"GENERAL1100003G"}}
{"logTime": "0328/213045", "correlationVector":"Bd98IV0oNfF+oGlGM5z+qW.2","action":"Commit Response", "result":"SYNCER_OK", "context":Result: SYNCER_OK. cV=Bd98IV0oNfF+oGlGM5z+qW.0;server=GENERAL1100003G;cloudType=Consumer;environment=Prod_EastUS_000w;migrationStage=NotStarted}
{"logTime": "0328/213539", "correlationVector":"KPU5ne4OTw4m64tPu3EEWp","action":"SyncServerConnectionManagerRequest", "result":"CONNECTION_UNAVAILABLE", "context":{"error_type":"net_error_code", "error_value":"-101"}}
{"logTime": "0328/213550", "correlationVector":"e4YPp9MZtDhieJ+0xoidaA.1","action":"SyncServerConnectionManagerRequest", "result":"SYNC_SERVER_OK", "context":{"environment":"", "migrationStage":"", "server":""}}
{"logTime": "0328/213550", "correlationVector":"byeJ9SenvOEiqQXcL7aAIQ","action":"SyncServerConnectionManagerRequest", "result":"CONNECTION_UNAVAILABLE", "context":{"error_type":"net_error_code", "error_value":"-101"}}
{"logTime": "0328/213609", "correlationVector":"nw1CpH01Tt15Rs6Bl/pM+z","action":"SyncServerConnectionManagerRequest", "result":"CONNECTION_UNAVAILABLE", "context":{"error_type":"net_error_code", "error_value":"-101"}}
{"logTime": "0328/213648", "correlationVector":"hsXVhniuh0qRPvcGJVhXQt.1","action":"SyncServerConnectionManagerRequest", "result":"SYNC_SERVER_OK", "context":{"environment":"Prod_EastUS_000w", "migrationStage":"NotStarted", "server":"GENERAL0100000I"}}
{"logTime": "0328/213648", "correlationVector":"byeJ9SenvOEiqQXcL7aAIQ","action":"Initial GetUpdates", "result":"", "context":Reason: NEW_CLIENT. cV=byeJ9SenvOEiqQXcL7aAIQ}
{"logTime": "0328/213648", "correlationVector":"18Bn54Yry3n9JM4obZrm2a.0","action":"GetUpdates Response", "result":"NETWORK_ERROR_TRANSPORT (ERR_CONNECTION_RESET)", "context":Received error: NETWORK_ERROR_TRANSPORT (ERR_CONNECTION_RESET). }
{"logTime": "0328/213648", "correlationVector":"nw1CpH01Tt15Rs6Bl/pM+z","action":"Initial GetUpdates", "result":"", "context":Reason: NEW_CLIENT. cV=nw1CpH01Tt15Rs6Bl/pM+z}
{"logTime": "0328/213648", "correlationVector":"dygAIlnLY10hbJXAlGhbDU.0","action":"GetUpdates Response", "result":"NETWORK_ERROR_TRANSPORT (ERR_CONNECTION_RESET)", "context":Received error: NETWORK_ERROR_TRANSPORT (ERR_CONNECTION_RESET). }
{"logTime": "0328/213648", "correlationVector":"hsXVhniuh0qRPvcGJVhXQt","action":"Initial GetUpdates", "result":"", "context":Reason: NEW_CLIENT. cV=hsXVhniuh0qRPvcGJVhXQt}
{"logTime": "0328/213648", "correlationVector":"hsXVhniuh0qRPvcGJVhXQt.2","action":"GetUpdates Response", "result":"SYNCER_OK", "context":Received 1 update(s). cV=hsXVhniuh0qRPvcGJVhXQt.0;server=GENERAL0100000I;cloudType=Consumer;environment=Prod_EastUS_000w;migrationStage=NotStarted}
{"logTime": "0328/213648", "correlationVector":"lPOUOfNFrApBeknCzvDtsK","action":"Initial GetUpdates", "result":"", "context":Reason: NEWLY_SUPPORTED_DATATYPE. cV=lPOUOfNFrApBeknCzvDtsK}
{"logTime": "0328/213649", "correlationVector":"lPOUOfNFrApBeknCzvDtsK.1","action":"SyncServerConnectionManagerRequest", "result":"SYNC_SERVER_OK", "context":{"environment":"Prod_EastUS_000w", "migrationStage":"NotStarted", "server":"GENERAL11000028"}}
{"logTime": "0328/213649", "correlationVector":"lPOUOfNFrApBeknCzvDtsK.2","action":"GetUpdates Response", "result":"SYNCER_OK", "context":Received 1 update(s). cV=lPOUOfNFrApBeknCzvDtsK.0;server=GENERAL11000028;cloudType=Consumer;environment=Prod_EastUS_000w;migrationStage=NotStarted}
{"logTime": "0328/213649", "correlationVector":"WkCNkghfSlGfwLXftPNet1","action":"Normal GetUpdate request", "result":"", "context":cV=WkCNkghfSlGfwLXftPNet1
Nudged types: Preferences, Sessions
Refresh requested types: Bookmarks, Preferences, Passwords, Autofill Profiles, Autofill, Typed URLs, Extensions, Sessions, Extension settings, History Delete Directives, Device Info, User Consents, Send Tab To Self, Web Apps, Collection, Edge E Drop, Edge Hub App Usage, Edge Wallet, Encryption Keys}
{"logTime": "0328/213649", "correlationVector":"WkCNkghfSlGfwLXftPNet1.1","action":"SyncServerConnectionManagerRequest", "result":"SYNC_SERVER_OK", "context":{"environment":"Prod_EastUS_000w", "migrationStage":"NotStarted", "server":"GENERAL1100001H"}}
{"logTime": "0328/213649", "correlationVector":"WkCNkghfSlGfwLXftPNet1.2","action":"GetUpdates Response", "result":"SYNCER_OK", "context":Received 2 update(s). cV=WkCNkghfSlGfwLXftPNet1.0;server=GENERAL1100001H;cloudType=Consumer;environment=Prod_EastUS_000w;migrationStage=NotStarted}
{"logTime": "0328/213649", "correlationVector":"oQhF04ZYXBWOzYWTz2rTkB","action":"Commit Request", "result":"", "context":Item count: 5
Contributing types: Preferences, Sessions}
{"logTime": "0328/213649", "correlationVector":"oQhF04ZYXBWOzYWTz2rTkB.1","action":"SyncServerConnectionManagerRequest", "result":"SYNC_SERVER_OK", "context":{"environment":"Prod_EastUS_000w", "migrationStage":"NotStarted", "server":"GENERAL11000006"}}
{"logTime": "0328/213649", "correlationVector":"oQhF04ZYXBWOzYWTz2rTkB.3","action":"Commit.Sessions", "result":"Success", "context":{"id":"ac9e2c09-e463-447c-83bf-7a89a2d5bbcc", "isDeleted":"true", "size":"0", "version":"1711661428814"}}
{"logTime": "0328/213649", "correlationVector":"oQhF04ZYXBWOzYWTz2rTkB.2","action":"Commit Response", "result":"SYNCER_OK", "context":Result: SYNCER_OK. cV=oQhF04ZYXBWOzYWTz2rTkB.0;server=GENERAL11000006;cloudType=Consumer;environment=Prod_EastUS_000w;migrationStage=NotStarted}
{"logTime": "0328/213650", "correlationVector":"7ogI37FQteuEkAm0Cxgu8W","action":"Normal GetUpdate request", "result":"", "context":cV=7ogI37FQteuEkAm0Cxgu8W
Nudged types: Preferences, Sessions
Notified types: Device Info}
{"logTime": "0328/213650", "correlationVector":"7ogI37FQteuEkAm0Cxgu8W.1","action":"SyncServerConnectionManagerRequest", "result":"SYNC_SERVER_OK", "context":{"environment":"Prod_EastUS_000w", "migrationStage":"NotStarted", "server":"GENERAL11000016"}}
{"logTime": "0328/213650", "correlationVector":"7ogI37FQteuEkAm0Cxgu8W.2","action":"GetUpdates", "result":"DeleteReceived", "context":{"id":"ac9e2c09-e463-447c-83bf-7a89a2d5bbcc", "isDeleted:":"true", "version":"1711661811363"}}
{"logTime": "0328/213650", "correlationVector":"7ogI37FQteuEkAm0Cxgu8W.3","action":"GetUpdates Response", "result":"SYNCER_OK", "context":Received 5 update(s). cV=7ogI37FQteuEkAm0Cxgu8W.0;server=GENERAL11000016;cloudType=Consumer;environment=Prod_EastUS_000w;migrationStage=NotStarted}
{"logTime": "0328/214214", "correlationVector":"xBnsOhjIS/uh9kZVcIffgu.1","action":"SyncServerConnectionManagerRequest", "result":"SYNC_SERVER_OK", "context":{"environment":"Prod_EastUS_000w", "migrationStage":"NotStarted", "server":"GENERAL11000015"}}
{"logTime": "0328/214214", "correlationVector":"xBnsOhjIS/uh9kZVcIffgu","action":"Initial GetUpdates", "result":"", "context":Reason: NEW_CLIENT. cV=xBnsOhjIS/uh9kZVcIffgu}
{"logTime": "0328/214214", "correlationVector":"xBnsOhjIS/uh9kZVcIffgu.2","action":"GetUpdates Response", "result":"SYNCER_OK", "context":Received 1 update(s). cV=xBnsOhjIS/uh9kZVcIffgu.0;server=GENERAL11000015;cloudType=Consumer;environment=Prod_EastUS_000w;migrationStage=NotStarted}
{"logTime": "0328/214214", "correlationVector":"sNFDiNQ4F80+T77LqFA6hn","action":"Initial GetUpdates", "result":"", "context":Reason: NEWLY_SUPPORTED_DATATYPE. cV=sNFDiNQ4F80+T77LqFA6hn}
{"logTime": "0328/214214", "correlationVector":"sNFDiNQ4F80+T77LqFA6hn.1","action":"SyncServerConnectionManagerRequest", "result":"SYNC_SERVER_OK", "context":{"environment":"Prod_EastUS_000w", "migrationStage":"NotStarted", "server":"GENERAL01000001"}}
{"logTime": "0328/214214", "correlationVector":"sNFDiNQ4F80+T77LqFA6hn.2","action":"GetUpdates Response", "result":"SYNCER_OK", "context":Received 1 update(s). cV=sNFDiNQ4F80+T77LqFA6hn.0;server=GENERAL01000001;cloudType=Consumer;environment=Prod_EastUS_000w;migrationStage=NotStarted}
{"logTime": "0328/214214", "correlationVector":"x2lKHK1fSczykVSywf5XIp","action":"Normal GetUpdate request", "result":"", "context":cV=x2lKHK1fSczykVSywf5XIp
Nudged types: Sessions
Refresh requested types: Bookmarks, Preferences, Passwords, Autofill Profiles, Autofill, Typed URLs, Extensions, Sessions, Extension settings, History Delete Directives, Device Info, User Consents, Send Tab To Self, Web Apps, Collection, Edge E Drop, Edge Hub App Usage, Edge Wallet, Encryption Keys}
{"logTime": "0328/214214", "correlationVector":"x2lKHK1fSczykVSywf5XIp.1","action":"SyncServerConnectionManagerRequest", "result":"SYNC_SERVER_OK", "context":{"environment":"Prod_EastUS_000w", "migrationStage":"NotStarted", "server":"GENERAL0200003H"}}
{"logTime": "0328/214214", "correlationVector":"x2lKHK1fSczykVSywf5XIp.2","action":"GetUpdates Response", "result":"SYNCER_OK", "context":Received 0 update(s). cV=x2lKHK1fSczykVSywf5XIp.0;server=GENERAL0200003H;cloudType=Consumer;environment=Prod_EastUS_000w;migrationStage=NotStarted}
{"logTime": "0328/214214", "correlationVector":"zrlA7fOg5mcGzBTAA1tLUG","action":"Commit Request", "result":"", "context":Item count: 3
Contributing types: Sessions}
{"logTime": "0328/214214", "correlationVector":"zrlA7fOg5mcGzBTAA1tLUG.1","action":"SyncServerConnectionManagerRequest", "result":"SYNC_SERVER_OK", "context":{"environment":"Prod_EastUS_000w", "migrationStage":"NotStarted", "server":"GENERAL1100002U"}}
{"logTime": "0328/214214", "correlationVector":"zrlA7fOg5mcGzBTAA1tLUG.2","action":"Commit Response", "result":"SYNCER_OK", "context":Result: SYNCER_OK. cV=zrlA7fOg5mcGzBTAA1tLUG.0;server=GENERAL1100002U;cloudType=Consumer;environment=Prod_EastUS_000w;migrationStage=NotStarted}
{"logTime": "0328/214214", "correlationVector":"zrlA7fOg5mcGzBTAA1tLUG.3","action":"Commit.Sessions", "result":"Success", "context":{"id":"fc2eb620-def6-4ae2-b890-baa24d932572", "isDeleted":"true", "size":"0", "version":"1711661811365"}}
{"logTime": "0328/214217", "correlationVector":"LFXaGRcJjZiQn9UVsJmCr6","action":"SyncServerConnectionManagerRequest", "result":"SYNC_SERVER_OK", "context":{"environment":"", "migrationStage":"", "server":""}}
{"logTime": "0328/214217", "correlationVector":"oSr5hcDTySe+MucqcH4/cC","action":"Normal GetUpdate request", "result":"", "context":cV=oSr5hcDTySe+MucqcH4/cC
Nudged types: Preferences, Sessions}
{"logTime": "0328/214217", "correlationVector":"oSr5hcDTySe+MucqcH4/cC.1","action":"SyncServerConnectionManagerRequest", "result":"SYNC_SERVER_OK", "context":{"environment":"Prod_EastUS_000w", "migrationStage":"NotStarted", "server":"GENERAL1100003I"}}
{"logTime": "0328/214217", "correlationVector":"oSr5hcDTySe+MucqcH4/cC.2","action":"GetUpdates", "result":"DeleteReceived", "context":{"id":"fc2eb620-def6-4ae2-b890-baa24d932572", "isDeleted:":"true", "version":"1711662135235"}}
{"logTime": "0328/214217", "correlationVector":"oSr5hcDTySe+MucqcH4/cC.3","action":"GetUpdates Response", "result":"SYNCER_OK", "context":Received 3 update(s). cV=oSr5hcDTySe+MucqcH4/cC.0;server=GENERAL1100003I;cloudType=Consumer;environment=Prod_EastUS_000w;migrationStage=NotStarted}
{"logTime": "0328/214217", "correlationVector":"42mUS1jB+opcG7wZlJYUEJ","action":"Commit Request", "result":"", "context":Item count: 1
Contributing types: Preferences}
{"logTime": "0328/214218", "correlationVector":"42mUS1jB+opcG7wZlJYUEJ.1","action":"SyncServerConnectionManagerRequest", "result":"SYNC_SERVER_OK", "context":{"environment":"Prod_EastUS_000w", "migrationStage":"NotStarted", "server":"GENERAL1100001H"}}
{"logTime": "0328/214218", "correlationVector":"42mUS1jB+opcG7wZlJYUEJ.2","action":"Commit Response", "result":"SYNCER_OK", "context":Result: SYNCER_OK. cV=42mUS1jB+opcG7wZlJYUEJ.0;server=GENERAL1100001H;cloudType=Consumer;environment=Prod_EastUS_000w;migrationStage=NotStarted}
{"logTime": "0328/214218", "correlationVector":"6x6O3/3O9uivSH5eQgnNg4","action":"Normal GetUpdate request", "result":"", "context":cV=6x6O3/3O9uivSH5eQgnNg4
Nudged types: Preferences
Refresh requested types: Bookmarks, Preferences, Passwords, Autofill Profiles, Autofill, Typed URLs, Extensions, Sessions, Extension settings, History Delete Directives, Device Info, User Consents, Send Tab To Self, Web Apps, Collection, Edge E Drop, Edge Hub App Usage, Edge Wallet, Encryption Keys}
{"logTime": "0328/214218", "correlationVector":"6x6O3/3O9uivSH5eQgnNg4.1","action":"SyncServerConnectionManagerRequest", "result":"SYNC_SERVER_OK", "context":{"environment":"Prod_EastUS_000w", "migrationStage":"NotStarted", "server":"GENERAL0100000B"}}
{"logTime": "0328/214218", "correlationVector":"6x6O3/3O9uivSH5eQgnNg4.2","action":"GetUpdates Response", "result":"SYNCER_OK", "context":Received 1 update(s). cV=6x6O3/3O9uivSH5eQgnNg4.0;server=GENERAL0100000B;cloudType=Consumer;environment=Prod_EastUS_000w;migrationStage=NotStarted}
{"logTime": "0328/214243", "correlationVector":"SfdyNrQ8NlNtMR2OkZ/Fmk","action":"Commit Request", "result":"", "context":Item count: 2
Contributing types: Preferences, Sessions}
{"logTime": "0328/214243", "correlationVector":"SfdyNrQ8NlNtMR2OkZ/Fmk.1","action":"SyncServerConnectionManagerRequest", "result":"SYNC_SERVER_OK", "context":{"environment":"Prod_EastUS_000w", "migrationStage":"NotStarted", "server":"general11000018"}}
{"logTime": "0328/214243", "correlationVector":"SfdyNrQ8NlNtMR2OkZ/Fmk.2","action":"Commit Response", "result":"SYNCER_OK", "context":Result: SYNCER_OK. cV=SfdyNrQ8NlNtMR2OkZ/Fmk.0;server=general11000018;cloudType=Consumer;environment=Prod_EastUS_000w;migrationStage=NotStarted}
{"logTime": "0328/215516", "correlationVector":"OCcGiF91LVdT+UvSvZ/fCF.1","action":"SyncServerConnectionManagerRequest", "result":"SYNC_SERVER_OK", "context":{"environment":"Prod_EastUS_000w", "migrationStage":"NotStarted", "server":"GENERAL1100002W"}}
{"logTime": "0328/215516", "correlationVector":"OCcGiF91LVdT+UvSvZ/fCF","action":"Initial GetUpdates", "result":"", "context":Reason: NEW_CLIENT. cV=OCcGiF91LVdT+UvSvZ/fCF}
{"logTime": "0328/215516", "correlationVector":"OCcGiF91LVdT+UvSvZ/fCF.2","action":"GetUpdates Response", "result":"SYNCER_OK", "context":Received 1 update(s). cV=OCcGiF91LVdT+UvSvZ/fCF.0;server=GENERAL1100002W;cloudType=Consumer;environment=Prod_EastUS_000w;migrationStage=NotStarted}
{"logTime": "0328/215516", "correlationVector":"sqtk3c/SIQTK2Lj30IDP4s","action":"Initial GetUpdates", "result":"", "context":Reason: NEWLY_SUPPORTED_DATATYPE. cV=sqtk3c/SIQTK2Lj30IDP4s}
{"logTime": "0328/215516", "correlationVector":"sqtk3c/SIQTK2Lj30IDP4s.1","action":"SyncServerConnectionManagerRequest", "result":"SYNC_SERVER_OK", "context":{"environment":"Prod_EastUS_000w", "migrationStage":"NotStarted", "server":"GENERAL0100000I"}}
{"logTime": "0328/215516", "correlationVector":"sqtk3c/SIQTK2Lj30IDP4s.2","action":"GetUpdates Response", "result":"SYNCER_OK", "context":Received 1 update(s). cV=sqtk3c/SIQTK2Lj30IDP4s.0;server=GENERAL0100000I;cloudType=Consumer;environment=Prod_EastUS_000w;migrationStage=NotStarted}
{"logTime": "0328/215516", "correlationVector":"R9GJsLJbUDzVX+Rde53VFx","action":"Normal GetUpdate request", "result":"", "context":cV=R9GJsLJbUDzVX+Rde53VFx
Nudged types: Sessions
Refresh requested types: Bookmarks, Preferences, Passwords, Autofill Profiles, Autofill, Typed URLs, Extensions, Sessions, Extension settings, History Delete Directives, Device Info, User Consents, Send Tab To Self, Web Apps, Collection, Edge E Drop, Edge Hub App Usage, Edge Wallet, Encryption Keys}
{"logTime": "0328/215516", "correlationVector":"R9GJsLJbUDzVX+Rde53VFx.1","action":"SyncServerConnectionManagerRequest", "result":"SYNC_SERVER_OK", "context":{"environment":"Prod_EastUS_000w", "migrationStage":"NotStarted", "server":"GENERAL0200000T"}}
{"logTime": "0328/215516", "correlationVector":"R9GJsLJbUDzVX+Rde53VFx.2","action":"GetUpdates Response", "result":"SYNCER_OK", "context":Received 2 update(s). cV=R9GJsLJbUDzVX+Rde53VFx.0;server=GENERAL0200000T;cloudType=Consumer;environment=Prod_EastUS_000w;migrationStage=NotStarted}
{"logTime": "0328/215516", "correlationVector":"Ni1qO8I7ENkAQq+uULxjLC","action":"Commit Request", "result":"", "context":Item count: 3
Contributing types: Sessions}
{"logTime": "0328/215516", "correlationVector":"Ni1qO8I7ENkAQq+uULxjLC.1","action":"SyncServerConnectionManagerRequest", "result":"SYNC_SERVER_OK", "context":{"environment":"Prod_EastUS_000w", "migrationStage":"NotStarted", "server":"GENERAL11000020"}}
{"logTime": "0328/215516", "correlationVector":"Ni1qO8I7ENkAQq+uULxjLC.3","action":"Commit.Sessions", "result":"Success", "context":{"id":"4bdb1dcb-f513-47f3-a94a-2e2794e5e972", "isDeleted":"true", "size":"0", "version":"1711662165465"}}
{"logTime": "0328/215516", "correlationVector":"Ni1qO8I7ENkAQq+uULxjLC.2","action":"Commit Response", "result":"SYNCER_OK", "context":Result: SYNCER_OK. cV=Ni1qO8I7ENkAQq+uULxjLC.0;server=GENERAL11000020;cloudType=Consumer;environment=Prod_EastUS_000w;migrationStage=NotStarted}
{"logTime": "0328/215519", "correlationVector":"mgbUiQYZm+li6qx8LRrElc","action":"SyncServerConnectionManagerRequest", "result":"SYNC_SERVER_OK", "context":{"environment":"", "migrationStage":"", "server":""}}
{"logTime": "0328/215519", "correlationVector":"xiQbDOJYnKLqYdWDFTQnAG","action":"Normal GetUpdate request", "result":"", "context":cV=xiQbDOJYnKLqYdWDFTQnAG
Nudged types: Preferences, Sessions}
{"logTime": "0328/215519", "correlationVector":"xiQbDOJYnKLqYdWDFTQnAG.1","action":"SyncServerConnectionManagerRequest", "result":"SYNC_SERVER_OK", "context":{"environment":"Prod_EastUS_000w", "migrationStage":"NotStarted", "server":"GENERAL0100000B"}}
{"logTime": "0328/215519", "correlationVector":"xiQbDOJYnKLqYdWDFTQnAG.2","action":"GetUpdates", "result":"DeleteReceived", "context":{"id":"4bdb1dcb-f513-47f3-a94a-2e2794e5e972", "isDeleted:":"true", "version":"1711662906032"}}
{"logTime": "0328/215519", "correlationVector":"xiQbDOJYnKLqYdWDFTQnAG.3","action":"GetUpdates Response", "result":"SYNCER_OK", "context":Received 3 update(s). cV=xiQbDOJYnKLqYdWDFTQnAG.0;server=GENERAL0100000B;cloudType=Consumer;environment=Prod_EastUS_000w;migrationStage=NotStarted}
{"logTime": "0328/215519", "correlationVector":"DYFyLD36n982HkvQgWV3To","action":"Commit Request", "result":"", "context":Item count: 2
Contributing types: Preferences, Sessions}
{"logTime": "0328/215520", "correlationVector":"DYFyLD36n982HkvQgWV3To.1","action":"SyncServerConnectionManagerRequest", "result":"SYNC_SERVER_OK", "context":{"environment":"Prod_EastUS_000w", "migrationStage":"NotStarted", "server":"GENERAL0200000T"}}
{"logTime": "0328/215520", "correlationVector":"DYFyLD36n982HkvQgWV3To.2","action":"Commit Response", "result":"SYNCER_OK", "context":Result: SYNCER_OK. cV=DYFyLD36n982HkvQgWV3To.0;server=GENERAL0200000T;cloudType=Consumer;environment=Prod_EastUS_000w;migrationStage=NotStarted}
{"logTime": "0328/215520", "correlationVector":"DpRgZO+q5IHYaIBkzxGYuh","action":"Normal GetUpdate request", "result":"", "context":cV=DpRgZO+q5IHYaIBkzxGYuh
Nudged types: Preferences, Sessions
Refresh requested types: Bookmarks, Preferences, Passwords, Autofill Profiles, Autofill, Typed URLs, Extensions, Sessions, Extension settings, History Delete Directives, Device Info, User Consents, Send Tab To Self, Web Apps, Collection, Edge E Drop, Edge Hub App Usage, Edge Wallet, Encryption Keys}
{"logTime": "0328/215520", "correlationVector":"DpRgZO+q5IHYaIBkzxGYuh.1","action":"SyncServerConnectionManagerRequest", "result":"SYNC_SERVER_OK", "context":{"environment":"Prod_EastUS_000w", "migrationStage":"NotStarted", "server":"GENERAL1100000V"}}
{"logTime": "0328/215520", "correlationVector":"DpRgZO+q5IHYaIBkzxGYuh.2","action":"GetUpdates Response", "result":"SYNCER_OK", "context":Received 2 update(s). cV=DpRgZO+q5IHYaIBkzxGYuh.0;server=GENERAL1100000V;cloudType=Consumer;environment=Prod_EastUS_000w;migrationStage=NotStarted}
{"logTime": "0328/215534", "correlationVector":"9ECIRa+LInEJUSZ+KFAQff","action":"Normal GetUpdate request", "result":"", "context":cV=9ECIRa+LInEJUSZ+KFAQff
Nudged types: Preferences}
{"logTime": "0328/215534", "correlationVector":"9ECIRa+LInEJUSZ+KFAQff.1","action":"SyncServerConnectionManagerRequest", "result":"SYNC_SERVER_OK", "context":{"environment":"Prod_EastUS_000w", "migrationStage":"NotStarted", "server":"GENERAL1100002Q"}}
{"logTime": "0328/215534", "correlationVector":"9ECIRa+LInEJUSZ+KFAQff.2","action":"GetUpdates Response", "result":"SYNCER_OK", "context":Received 0 update(s). cV=9ECIRa+LInEJUSZ+KFAQff.0;server=GENERAL1100002Q;cloudType=Consumer;environment=Prod_EastUS_000w;migrationStage=NotStarted}
{"logTime": "0328/215534", "correlationVector":"nNLICM+N/5TQk6fTV9D9Xe","action":"Commit Request", "result":"", "context":Item count: 1
Contributing types: Preferences}
{"logTime": "0328/215534", "correlationVector":"nNLICM+N/5TQk6fTV9D9Xe.1","action":"SyncServerConnectionManagerRequest", "result":"SYNC_SERVER_OK", "context":{"environment":"Prod_EastUS_000w", "migrationStage":"NotStarted", "server":"GENERAL0100000I"}}
{"logTime": "0328/215534", "correlationVector":"nNLICM+N/5TQk6fTV9D9Xe.2","action":"Commit Response", "result":"SYNCER_OK", "context":Result: SYNCER_OK. cV=nNLICM+N/5TQk6fTV9D9Xe.0;server=GENERAL0100000I;cloudType=Consumer;environment=Prod_EastUS_000w;migrationStage=NotStarted}
{"logTime": "0328/220003", "correlationVector":"+2EaJehZGXjzoCiCWQA0o4","action":"Normal GetUpdate request", "result":"", "context":cV=+2EaJehZGXjzoCiCWQA0o4
Refresh requested types: Bookmarks, Preferences, Passwords, Autofill Profiles, Autofill, Typed URLs, Extensions, Sessions, Extension settings, History Delete Directives, Device Info, User Consents, Send Tab To Self, Web Apps, Collection, Edge E Drop, Edge Hub App Usage, Edge Wallet, Encryption Keys}
{"logTime": "0328/220003", "correlationVector":"+2EaJehZGXjzoCiCWQA0o4","action":"SyncServerConnectionManagerRequest", "result":"CONNECTION_UNAVAILABLE", "context":{"error_type":"net_error_code", "error_value":"-101"}}
{"logTime": "0328/220003", "correlationVector":"BagUmV/nEhRM9o8lhbvpf2.0","action":"GetUpdates Response", "result":"NETWORK_ERROR_TRANSPORT (ERR_CONNECTION_RESET)", "context":Received error: NETWORK_ERROR_TRANSPORT (ERR_CONNECTION_RESET). }
{"logTime": "0328/220156", "correlationVector":"6yBwHHwtZ5CI0TTGc2k1xv.1","action":"SyncServerConnectionManagerRequest", "result":"SYNC_SERVER_OK", "context":{"environment":"Prod_EastUS_000w", "migrationStage":"NotStarted", "server":"GENERAL1100000Y"}}
{"logTime": "0328/220156", "correlationVector":"6yBwHHwtZ5CI0TTGc2k1xv","action":"Initial GetUpdates", "result":"", "context":Reason: NEW_CLIENT. cV=6yBwHHwtZ5CI0TTGc2k1xv}
{"logTime": "0328/220156", "correlationVector":"6yBwHHwtZ5CI0TTGc2k1xv.2","action":"GetUpdates Response", "result":"SYNCER_OK", "context":Received 1 update(s). cV=6yBwHHwtZ5CI0TTGc2k1xv.0;server=GENERAL1100000Y;cloudType=Consumer;environment=Prod_EastUS_000w;migrationStage=NotStarted}
{"logTime": "0328/220156", "correlationVector":"BwSmHKIzhMdavTlE2PK1sk","action":"Initial GetUpdates", "result":"", "context":Reason: NEWLY_SUPPORTED_DATATYPE. cV=BwSmHKIzhMdavTlE2PK1sk}
{"logTime": "0328/220156", "correlationVector":"BwSmHKIzhMdavTlE2PK1sk.1","action":"SyncServerConnectionManagerRequest", "result":"SYNC_SERVER_OK", "context":{"environment":"Prod_EastUS_000w", "migrationStage":"NotStarted", "server":"GENERAL1100002W"}}
{"logTime": "0328/220156", "correlationVector":"BwSmHKIzhMdavTlE2PK1sk.2","action":"GetUpdates Response", "result":"SYNCER_OK", "context":Received 1 update(s). cV=BwSmHKIzhMdavTlE2PK1sk.0;server=GENERAL1100002W;cloudType=Consumer;environment=Prod_EastUS_000w;migrationStage=NotStarted}
{"logTime": "0328/220156", "correlationVector":"5uAREO1Xf4dFg90i79ICFq","action":"Normal GetUpdate request", "result":"", "context":cV=5uAREO1Xf4dFg90i79ICFq
Nudged types: Sessions
Refresh requested types: Bookmarks, Preferences, Passwords, Autofill Profiles, Autofill, Typed URLs, Extensions, Sessions, Extension settings, History Delete Directives, Device Info, User Consents, Send Tab To Self, Web Apps, Collection, Edge E Drop, Edge Hub App Usage, Edge Wallet, Encryption Keys}
{"logTime": "0328/220156", "correlationVector":"5uAREO1Xf4dFg90i79ICFq.1","action":"SyncServerConnectionManagerRequest", "result":"SYNC_SERVER_OK", "context":{"environment":"Prod_EastUS_000w", "migrationStage":"NotStarted", "server":"GENERAL0200000E"}}
{"logTime": "0328/220156", "correlationVector":"5uAREO1Xf4dFg90i79ICFq.2","action":"GetUpdates Response", "result":"SYNCER_OK", "context":Received 1 update(s). cV=5uAREO1Xf4dFg90i79ICFq.0;server=GENERAL0200000E;cloudType=Consumer;environment=Prod_EastUS_000w;migrationStage=NotStarted}
{"logTime": "0328/220156", "correlationVector":"8HqOYNDJ1ySV/fx0VcHQJo","action":"Commit Request", "result":"", "context":Item count: 3
Contributing types: Sessions}
{"logTime": "0328/220156", "correlationVector":"8HqOYNDJ1ySV/fx0VcHQJo.1","action":"SyncServerConnectionManagerRequest", "result":"SYNC_SERVER_OK", "context":{"environment":"Prod_EastUS_000w", "migrationStage":"NotStarted", "server":"GENERAL1100001W"}}
{"logTime": "0328/220156", "correlationVector":"8HqOYNDJ1ySV/fx0VcHQJo.3","action":"Commit.Sessions", "result":"Success", "context":{"id":"6570b051-9235-4e33-b7f1-535497fa1225", "isDeleted":"true", "size":"0", "version":"1711662921703"}}
{"logTime": "0328/220156", "correlationVector":"8HqOYNDJ1ySV/fx0VcHQJo.2","action":"Commit Response", "result":"SYNCER_OK", "context":Result: SYNCER_OK. cV=8HqOYNDJ1ySV/fx0VcHQJo.0;server=GENERAL1100001W;cloudType=Consumer;environment=Prod_EastUS_000w;migrationStage=NotStarted}
{"logTime": "0328/220158", "correlationVector":"rN2J18BPXKrVt36pNxKysz","action":"SyncServerConnectionManagerRequest", "result":"SYNC_SERVER_OK", "context":{"environment":"", "migrationStage":"", "server":""}}
{"logTime": "0328/220158", "correlationVector":"DFZ3wI764UjoWveafu/2VI","action":"Normal GetUpdate request", "result":"", "context":cV=DFZ3wI764UjoWveafu/2VI
Nudged types: Preferences, Sessions}
{"logTime": "0328/220158", "correlationVector":"DFZ3wI764UjoWveafu/2VI.1","action":"SyncServerConnectionManagerRequest", "result":"SYNC_SERVER_OK", "context":{"environment":"Prod_EastUS_000w", "migrationStage":"NotStarted", "server":"GENERAL11000016"}}
{"logTime": "0328/220158", "correlationVector":"DFZ3wI764UjoWveafu/2VI.2","action":"GetUpdates", "result":"DeleteReceived", "context":{"id":"6570b051-9235-4e33-b7f1-535497fa1225", "isDeleted:":"true", "version":"1711663305820"}}
{"logTime": "0328/220158", "correlationVector":"DFZ3wI764UjoWveafu/2VI.3","action":"GetUpdates Response", "result":"SYNCER_OK", "context":Received 3 update(s). cV=DFZ3wI764UjoWveafu/2VI.0;server=GENERAL11000016;cloudType=Consumer;environment=Prod_EastUS_000w;migrationStage=NotStarted}
{"logTime": "0328/220158", "correlationVector":"bvBcl5efGlKkJDVOwfkaDV","action":"Commit Request", "result":"", "context":Item count: 2
Contributing types: Preferences, Sessions}
{"logTime": "0328/220159", "correlationVector":"bvBcl5efGlKkJDVOwfkaDV.1","action":"SyncServerConnectionManagerRequest", "result":"SYNC_SERVER_OK", "context":{"environment":"Prod_EastUS_000w", "migrationStage":"NotStarted", "server":"GENERAL0200002E"}}
{"logTime": "0328/220159", "correlationVector":"bvBcl5efGlKkJDVOwfkaDV.2","action":"Commit Response", "result":"SYNCER_OK", "context":Result: SYNCER_OK. cV=bvBcl5efGlKkJDVOwfkaDV.0;server=GENERAL0200002E;cloudType=Consumer;environment=Prod_EastUS_000w;migrationStage=NotStarted}
{"logTime": "0328/220159", "correlationVector":"Q5KuYFUFgNwCjLKkcCvdCT","action":"Normal GetUpdate request", "result":"", "context":cV=Q5KuYFUFgNwCjLKkcCvdCT
Nudged types: Preferences, Sessions
Refresh requested types: Bookmarks, Preferences, Passwords, Autofill Profiles, Autofill, Typed URLs, Extensions, Sessions, Extension settings, History Delete Directives, Device Info, User Consents, Send Tab To Self, Web Apps, Collection, Edge E Drop, Edge Hub App Usage, Edge Wallet, Encryption Keys}
{"logTime": "0328/220159", "correlationVector":"Q5KuYFUFgNwCjLKkcCvdCT.1","action":"SyncServerConnectionManagerRequest", "result":"SYNC_SERVER_OK", "context":{"environment":"Prod_EastUS_000w", "migrationStage":"NotStarted", "server":"GENERAL1100000K"}}
{"logTime": "0328/220159", "correlationVector":"Q5KuYFUFgNwCjLKkcCvdCT.2","action":"GetUpdates Response", "result":"SYNCER_OK", "context":Received 2 update(s). cV=Q5KuYFUFgNwCjLKkcCvdCT.0;server=GENERAL1100000K;cloudType=Consumer;environment=Prod_EastUS_000w;migrationStage=NotStarted}
{"logTime": "0328/220213", "correlationVector":"jcF6A21RbBnOwbzpvxmJM8","action":"Commit Request", "result":"", "context":Item count: 1
Contributing types: Preferences}
{"logTime": "0328/220214", "correlationVector":"jcF6A21RbBnOwbzpvxmJM8.1","action":"SyncServerConnectionManagerRequest", "result":"SYNC_SERVER_OK", "context":{"environment":"Prod_EastUS_000w", "migrationStage":"NotStarted", "server":"GENERAL0200003H"}}
{"logTime": "0328/220214", "correlationVector":"jcF6A21RbBnOwbzpvxmJM8.2","action":"Commit Response", "result":"SYNCER_OK", "context":Result: SYNCER_OK. cV=jcF6A21RbBnOwbzpvxmJM8.0;server=GENERAL0200003H;cloudType=Consumer;environment=Prod_EastUS_000w;migrationStage=NotStarted}
{"logTime": "0328/220540", "correlationVector":"11mERr4M+3GG1TyrMGONs5","action":"SyncServerConnectionManagerRequest", "result":"CONNECTION_UNAVAILABLE", "context":{"error_type":"net_error_code", "error_value":"-101"}}
{"logTime": "0328/220540", "correlationVector":"CMPaUKDCIVtiwVGoqneM9A.1","action":"SyncServerConnectionManagerRequest", "result":"SYNC_SERVER_OK", "context":{"environment":"", "migrationStage":"", "server":""}}
{"logTime": "0328/220540", "correlationVector":"hzlrgIY/ANFO8araNIGH+6","action":"SyncServerConnectionManagerRequest", "result":"CONNECTION_UNAVAILABLE", "context":{"error_type":"net_error_code", "error_value":"-101"}}
{"logTime": "0328/220540", "correlationVector":"gqBTOKQbWQoGCQy+yakpof.1","action":"SyncServerConnectionManagerRequest", "result":"SYNC_SERVER_OK", "context":{"environment":"Prod_EastUS_000w", "migrationStage":"NotStarted", "server":"GENERAL1100002Z"}}
{"logTime": "0328/220540", "correlationVector":"11mERr4M+3GG1TyrMGONs5","action":"Initial GetUpdates", "result":"", "context":Reason: NEW_CLIENT. cV=11mERr4M+3GG1TyrMGONs5}
{"logTime": "0328/220540", "correlationVector":"CMPaUKDCIVtiwVGoqneM9A.0","action":"GetUpdates Response", "result":"NETWORK_ERROR_TRANSPORT (ERR_CONNECTION_RESET)", "context":Received error: NETWORK_ERROR_TRANSPORT (ERR_CONNECTION_RESET). }
{"logTime": "0328/220540", "correlationVector":"hzlrgIY/ANFO8araNIGH+6","action":"Initial GetUpdates", "result":"", "context":Reason: NEW_CLIENT. cV=hzlrgIY/ANFO8araNIGH+6}
{"logTime": "0328/220540", "correlationVector":"gA0NfqDfONu926dhdRqtQL.0","action":"GetUpdates Response", "result":"NETWORK_ERROR_TRANSPORT (ERR_CONNECTION_RESET)", "context":Received error: NETWORK_ERROR_TRANSPORT (ERR_CONNECTION_RESET). }
{"logTime": "0328/220540", "correlationVector":"gqBTOKQbWQoGCQy+yakpof","action":"Initial GetUpdates", "result":"", "context":Reason: NEW_CLIENT. cV=gqBTOKQbWQoGCQy+yakpof}
{"logTime": "0328/220540", "correlationVector":"gqBTOKQbWQoGCQy+yakpof.2","action":"GetUpdates Response", "result":"SYNCER_OK", "context":Received 1 update(s). cV=gqBTOKQbWQoGCQy+yakpof.0;server=GENERAL1100002Z;cloudType=Consumer;environment=Prod_EastUS_000w;migrationStage=NotStarted}
{"logTime": "0328/220540", "correlationVector":"RNxbRRqXGS2MGqh902hr5R","action":"Initial GetUpdates", "result":"", "context":Reason: NEWLY_SUPPORTED_DATATYPE. cV=RNxbRRqXGS2MGqh902hr5R}
{"logTime": "0328/220540", "correlationVector":"RNxbRRqXGS2MGqh902hr5R.1","action":"SyncServerConnectionManagerRequest", "result":"SYNC_SERVER_OK", "context":{"environment":"Prod_EastUS_000w", "migrationStage":"NotStarted", "server":"GENERAL11000035"}}
{"logTime": "0328/220540", "correlationVector":"RNxbRRqXGS2MGqh902hr5R.2","action":"GetUpdates Response", "result":"SYNCER_OK", "context":Received 1 update(s). cV=RNxbRRqXGS2MGqh902hr5R.0;server=GENERAL11000035;cloudType=Consumer;environment=Prod_EastUS_000w;migrationStage=NotStarted}
{"logTime": "0328/220540", "correlationVector":"KxzqHeFbyQunWXA3PRENs7","action":"Normal GetUpdate request", "result":"", "context":cV=KxzqHeFbyQunWXA3PRENs7
Nudged types: Sessions
Refresh requested types: Bookmarks, Preferences, Passwords, Autofill Profiles, Autofill, Typed URLs, Extensions, Sessions, Extension settings, History Delete Directives, Device Info, User Consents, Send Tab To Self, Web Apps, Collection, Edge E Drop, Edge Hub App Usage, Edge Wallet, Encryption Keys}
{"logTime": "0328/220540", "correlationVector":"KxzqHeFbyQunWXA3PRENs7.1","action":"SyncServerConnectionManagerRequest", "result":"SYNC_SERVER_OK", "context":{"environment":"Prod_EastUS_000w", "migrationStage":"NotStarted", "server":"general0100001A"}}
{"logTime": "0328/220540", "correlationVector":"KxzqHeFbyQunWXA3PRENs7.2","action":"GetUpdates Response", "result":"SYNCER_OK", "context":Received 1 update(s). cV=KxzqHeFbyQunWXA3PRENs7.0;server=general0100001A;cloudType=Consumer;environment=Prod_EastUS_000w;migrationStage=NotStarted}
{"logTime": "0328/220540", "correlationVector":"l5znrcC7po2rSFb9p76AHh","action":"Commit Request", "result":"", "context":Item count: 3
Contributing types: Sessions}
{"logTime": "0328/220540", "correlationVector":"l5znrcC7po2rSFb9p76AHh.1","action":"SyncServerConnectionManagerRequest", "result":"SYNC_SERVER_OK", "context":{"environment":"Prod_EastUS_000w", "migrationStage":"NotStarted", "server":"GENERAL11000028"}}
{"logTime": "0328/220540", "correlationVector":"l5znrcC7po2rSFb9p76AHh.3","action":"Commit.Sessions", "result":"Success", "context":{"id":"89ba86fe-0c9c-4b6e-a385-013448369ed3", "isDeleted":"true", "size":"0", "version":"1711663321024"}}
{"logTime": "0328/220540", "correlationVector":"l5znrcC7po2rSFb9p76AHh.2","action":"Commit Response", "result":"SYNCER_OK", "context":Result: SYNCER_OK. cV=l5znrcC7po2rSFb9p76AHh.0;server=GENERAL11000028;cloudType=Consumer;environment=Prod_EastUS_000w;migrationStage=NotStarted}
{"logTime": "0328/220542", "correlationVector":"eA6Z1n9eJflvx20RflzsFt","action":"Normal GetUpdate request", "result":"", "context":cV=eA6Z1n9eJflvx20RflzsFt
Nudged types: Preferences, Sessions}
{"logTime": "0328/220542", "correlationVector":"eA6Z1n9eJflvx20RflzsFt.1","action":"SyncServerConnectionManagerRequest", "result":"SYNC_SERVER_OK", "context":{"environment":"Prod_EastUS_000w", "migrationStage":"NotStarted", "server":"GENERAL1100001O"}}
{"logTime": "0328/220542", "correlationVector":"eA6Z1n9eJflvx20RflzsFt.2","action":"GetUpdates", "result":"DeleteReceived", "context":{"id":"89ba86fe-0c9c-4b6e-a385-013448369ed3", "isDeleted:":"true", "version":"1711663528852"}}
{"logTime": "0328/220542", "correlationVector":"eA6Z1n9eJflvx20RflzsFt.3","action":"GetUpdates Response", "result":"SYNCER_OK", "context":Received 3 update(s). cV=eA6Z1n9eJflvx20RflzsFt.0;server=GENERAL1100001O;cloudType=Consumer;environment=Prod_EastUS_000w;migrationStage=NotStarted}
{"logTime": "0328/220542", "correlationVector":"nnR1Fz6wdu4uzGS8fl5iHd","action":"Commit Request", "result":"", "context":Item count: 2
Contributing types: Preferences}
{"logTime": "0328/220542", "correlationVector":"nnR1Fz6wdu4uzGS8fl5iHd.1","action":"SyncServerConnectionManagerRequest", "result":"SYNC_SERVER_OK", "context":{"environment":"Prod_EastUS_000w", "migrationStage":"NotStarted", "server":"GENERAL1100003G"}}
{"logTime": "0328/220542", "correlationVector":"nnR1Fz6wdu4uzGS8fl5iHd.2","action":"Commit Response", "result":"SYNCER_OK", "context":Result: SYNCER_OK. cV=nnR1Fz6wdu4uzGS8fl5iHd.0;server=GENERAL1100003G;cloudType=Consumer;environment=Prod_EastUS_000w;migrationStage=NotStarted}
